d:\study\shapessolution\shapeslibrary\x64\debug\shapeslibrary.pch
d:\study\shapessolution\shapeslibrary\x64\debug\vc143.pdb
d:\study\shapessolution\shapeslibrary\x64\debug\vc143.idb
d:\study\shapessolution\shapeslibrary\x64\debug\pch.obj
d:\study\shapessolution\shapeslibrary\x64\debug\triangle.obj
d:\study\shapessolution\shapeslibrary\x64\debug\square.obj
d:\study\shapessolution\shapeslibrary\x64\debug\righttriangle.obj
d:\study\shapessolution\shapeslibrary\x64\debug\rhombus.obj
d:\study\shapessolution\shapeslibrary\x64\debug\rectangle.obj
d:\study\shapessolution\shapeslibrary\x64\debug\quadrangle.obj
d:\study\shapessolution\shapeslibrary\x64\debug\parallelogram.obj
d:\study\shapessolution\shapeslibrary\x64\debug\isoscelestriangle.obj
d:\study\shapessolution\shapeslibrary\x64\debug\equilateraltriangle.obj
d:\study\shapessolution\shapeslibrary\x64\debug\dllmain.obj
d:\study\shapessolution\shapeslibrary\x64\debug\shapeslibrary.ilk
d:\study\shapessolution\x64\debug\shapeslibrary.dll
d:\study\shapessolution\x64\debug\shapeslibrary.pdb
d:\study\shapessolution\x64\debug\shapeslibrary.lib
d:\study\shapessolution\x64\debug\shapeslibrary.exp
d:\study\shapessolution\shapeslibrary\x64\debug\shapeslibrary.tlog\cl.command.1.tlog
d:\study\shapessolution\shapeslibrary\x64\debug\shapeslibrary.tlog\cl.items.tlog
d:\study\shapessolution\shapeslibrary\x64\debug\shapeslibrary.tlog\cl.read.1.tlog
d:\study\shapessolution\shapeslibrary\x64\debug\shapeslibrary.tlog\cl.write.1.tlog
d:\study\shapessolution\shapeslibrary\x64\debug\shapeslibrary.tlog\link.command.1.tlog
d:\study\shapessolution\shapeslibrary\x64\debug\shapeslibrary.tlog\link.read.1.tlog
d:\study\shapessolution\shapeslibrary\x64\debug\shapeslibrary.tlog\link.write.1.tlog
d:\study\shapessolution\shapeslibrary\x64\debug\shapeslibrary.tlog\link.write.2u.tlog
